<?xml version="1.0" encoding="UTF-8" ?>
<testsuites>
  <testsuite errors="0" failures="0" hostname="MacServer.private" id="0" name="AccountsControllerTests" package="com.lmc.loan" tests="1" time="1.182" timestamp="2011-07-05T00:19:27">
      <properties />

      <testcase classname="com.lmc.loan.AccountsControllerTests" name="testSomething" time="1.122" />

      <system-out><![CDATA[--Output from testSomething--
]]></system-out>

      <system-err><![CDATA[--Output from testSomething--
]]></system-err>

  </testsuite>
  <testsuite errors="0" failures="0" hostname="MacServer.private" id="1" name="FontEndControllerTests" package="com.lmc.loan" tests="1" time="0.116" timestamp="2011-07-05T00:19:28">
      <properties />

      <testcase classname="com.lmc.loan.FontEndControllerTests" name="testSomething" time="0.114" />

      <system-out><![CDATA[--Output from testSomething--
]]></system-out>

      <system-err><![CDATA[--Output from testSomething--
]]></system-err>

  </testsuite>
  <testsuite errors="0" failures="0" hostname="MacServer.private" id="2" name="AccountInfoTests" package="com.lmc.loan.domains" tests="1" time="0.0050" timestamp="2011-07-05T00:19:28">
      <properties />

      <testcase classname="com.lmc.loan.domains.AccountInfoTests" name="testSomething" time="0.0020" />

      <system-out><![CDATA[--Output from testSomething--
]]></system-out>

      <system-err><![CDATA[--Output from testSomething--
]]></system-err>

  </testsuite>
  <testsuite errors="0" failures="0" hostname="MacServer.private" id="3" name="CustomerTests" package="com.lmc.loan.domains" tests="1" time="0.0050" timestamp="2011-07-05T00:19:28">
      <properties />

      <testcase classname="com.lmc.loan.domains.CustomerTests" name="testSomething" time="0.0030" />

      <system-out><![CDATA[--Output from testSomething--
]]></system-out>

      <system-err><![CDATA[--Output from testSomething--
]]></system-err>

  </testsuite>
  <testsuite errors="0" failures="0" hostname="MacServer.private" id="4" name="LoanTests" package="com.lmc.loan.domains" tests="1" time="0.0090" timestamp="2011-07-05T00:19:28">
      <properties />

      <testcase classname="com.lmc.loan.domains.LoanTests" name="testSomething" time="0.0040" />

      <system-out><![CDATA[--Output from testSomething--
]]></system-out>

      <system-err><![CDATA[--Output from testSomething--
]]></system-err>

  </testsuite>
  <testsuite errors="0" failures="0" hostname="MacServer.private" id="5" name="SILoanInfoTests" package="com.lmc.loan.domains" tests="1" time="0.0070" timestamp="2011-07-05T00:19:28">
      <properties />

      <testcase classname="com.lmc.loan.domains.SILoanInfoTests" name="testSomething" time="0.0040" />

      <system-out><![CDATA[--Output from testSomething--
]]></system-out>

      <system-err><![CDATA[--Output from testSomething--
]]></system-err>

  </testsuite>
  <testsuite errors="0" failures="0" hostname="MacServer.private" id="6" name="FrontEndControllerTests" package="lmc.loans" tests="1" time="0.042" timestamp="2011-07-05T00:19:28">
      <properties />

      <testcase classname="lmc.loans.FrontEndControllerTests" name="testSomething" time="0.04" />

      <system-out><![CDATA[--Output from testSomething--
]]></system-out>

      <system-err><![CDATA[--Output from testSomething--
]]></system-err>

  </testsuite>
</testsuites>
